Info: constrained 'clk' to bel 'X17/Y33/io0'
Info: constrained 'led[0]' to bel 'X18/Y33/io1'
Info: constrained 'led[1]' to bel 'X13/Y33/io0'
Info: constrained 'led[2]' to bel 'X12/Y33/io0'
Info: constrained 'led[3]' to bel 'X11/Y33/io0'
Info: constrained 'btn1' to bel 'X27/Y33/io1'
Info: constrained 'uart_rx' to bel 'X7/Y33/io1'
Info: constrained 'uart_tx' to bel 'X3/Y33/io0'
Warning: IO 'led[5]' is unconstrained in PCF and will be automatically placed
Warning: IO 'led[4]' is unconstrained in PCF and will be automatically placed

Info: Packing constants..
Info: Packing IOs..
Info: Packing LUT-FFs..
Info:      104 LCs used as LUT4 only
Info:       68 LCs used as LUT4 and DFF
Info: Packing non-LUT FFs..
Info:        9 LCs used as DFF only
Info: Packing carries..
Info:        4 LCs used as CARRY only
Info: Packing indirect carry+LUT pairs...
Info:        0 LUTs merged into carry LCs
Info: Packing RAMs..
Info: Placing PLLs..
Info: Packing special functions..
Info: Packing PLLs..
Info: Promoting globals..
Info: promoting clk$SB_IO_IN (fanout 77)
Info: promoting btn1_SB_LUT4_I0_I3_SB_LUT4_I2_O[2] [reset] (fanout 28)
Info: promoting btn1_SB_LUT4_I1_O_SB_LUT4_I1_O [cen] (fanout 25)
Info: Constraining chains...
Info:        7 LCs used to legalise carry chains.
Info: Checksum: 0x80191e8a

Info: Device utilisation:
Info: 	         ICESTORM_LC:   194/ 7680     2%
Info: 	        ICESTORM_RAM:     0/   32     0%
Info: 	               SB_IO:    10/  256     3%
Info: 	               SB_GB:     3/    8    37%
Info: 	        ICESTORM_PLL:     0/    2     0%
Info: 	         SB_WARMBOOT:     0/    1     0%

Info: Placed 8 cells based on constraints.
Info: Creating initial analytic placement for 150 cells, random placement wirelen = 6802.
Info:     at initial placer iter 0, wirelen = 196
Info:     at initial placer iter 1, wirelen = 198
Info:     at initial placer iter 2, wirelen = 188
Info:     at initial placer iter 3, wirelen = 192
Info: Running main analytical placer, max placement attempts per cell = 10000.
Info:     at iteration #1, type ALL: wirelen solved = 186, spread = 601, legal = 667; time = 0.01s
Info:     at iteration #2, type ALL: wirelen solved = 195, spread = 707, legal = 721; time = 0.01s
Info:     at iteration #3, type ALL: wirelen solved = 226, spread = 644, legal = 730; time = 0.01s
Info:     at iteration #4, type ALL: wirelen solved = 217, spread = 627, legal = 705; time = 0.01s
Info:     at iteration #5, type ALL: wirelen solved = 222, spread = 620, legal = 677; time = 0.01s
Info:     at iteration #6, type ALL: wirelen solved = 245, spread = 567, legal = 639; time = 0.01s
Info:     at iteration #7, type ALL: wirelen solved = 230, spread = 572, legal = 645; time = 0.01s
Info:     at iteration #8, type ALL: wirelen solved = 250, spread = 571, legal = 631; time = 0.01s
Info:     at iteration #9, type ALL: wirelen solved = 245, spread = 574, legal = 640; time = 0.01s
Info:     at iteration #10, type ALL: wirelen solved = 249, spread = 570, legal = 666; time = 0.01s
Info:     at iteration #11, type ALL: wirelen solved = 249, spread = 580, legal = 624; time = 0.01s
Info:     at iteration #12, type ALL: wirelen solved = 247, spread = 587, legal = 639; time = 0.01s
Info:     at iteration #13, type ALL: wirelen solved = 261, spread = 552, legal = 636; time = 0.01s
Info:     at iteration #14, type ALL: wirelen solved = 289, spread = 588, legal = 639; time = 0.01s
Info:     at iteration #15, type ALL: wirelen solved = 291, spread = 574, legal = 652; time = 0.01s
Info:     at iteration #16, type ALL: wirelen solved = 312, spread = 589, legal = 665; time = 0.01s
Info: HeAP Placer Time: 0.22s
Info:   of which solving equations: 0.15s
Info:   of which spreading cells: 0.02s
Info:   of which strict legalisation: 0.01s

Info: Running simulated annealing placer for refinement.
Info:   at iteration #1: temp = 0.000000, timing cost = 45, wirelen = 624
Info:   at iteration #5: temp = 0.000000, timing cost = 39, wirelen = 505
Info:   at iteration #10: temp = 0.000000, timing cost = 43, wirelen = 473
Info:   at iteration #15: temp = 0.000000, timing cost = 42, wirelen = 458
Info:   at iteration #15: temp = 0.000000, timing cost = 41, wirelen = 458 
Info: SA placement time 0.18s

Info: Max frequency for clock 'clk$SB_IO_IN_$glb_clk': 99.30 MHz (PASS at 27.00 MHz)

Info: Max delay <async>                       -> posedge clk$SB_IO_IN_$glb_clk: 9.17 ns
Info: Max delay posedge clk$SB_IO_IN_$glb_clk -> <async>                      : 3.11 ns

Info: Slack histogram:
Info:  legend: * represents 1 endpoint(s)
Info:          + represents [1,1) endpoint(s)
Info: [ 26967,  27398) |********************** 
Info: [ 27398,  27829) |************************* 
Info: [ 27829,  28260) | 
Info: [ 28260,  28691) | 
Info: [ 28691,  29122) |**** 
Info: [ 29122,  29553) |***** 
Info: [ 29553,  29984) |**************************** 
Info: [ 29984,  30415) | 
Info: [ 30415,  30846) |* 
Info: [ 30846,  31277) |******* 
Info: [ 31277,  31708) |*** 
Info: [ 31708,  32139) |*********** 
Info: [ 32139,  32570) |*** 
Info: [ 32570,  33001) |****************** 
Info: [ 33001,  33432) |******** 
Info: [ 33432,  33863) |******************** 
Info: [ 33863,  34294) |************************** 
Info: [ 34294,  34725) |************* 
Info: [ 34725,  35156) |************************************************************ 
Info: [ 35156,  35587) |************************************** 
Info: Checksum: 0xeac1e181

Info: Routing..
Info: Setting up routing queue.
Info: Routing 595 arcs.
Info:            |   (re-)routed arcs  |   delta    | remaining|       time spent     |
Info:    IterCnt |  w/ripup   wo/ripup |  w/r  wo/r |      arcs| batch(sec) total(sec)|
Info:        628 |       28        564 |   28   564 |         0|       0.26       0.26|
Info: Routing complete.
Info: Router1 time 0.26s
Info: Checksum: 0x8908919d

Info: Critical path report for clock 'clk$SB_IO_IN_$glb_clk' (posedge -> posedge):
Info: curr total
Info:  0.5  0.5  Source btn1_SB_LUT4_I3_O_SB_LUT4_I3_I1_SB_LUT4_O_I2_SB_LUT4_I0_O_SB_LUT4_I2_O_SB_LUT4_O_LC.O
Info:  0.6  1.1    Net btn1_SB_LUT4_I3_O_SB_LUT4_I3_I1_SB_LUT4_O_I2_SB_LUT4_O_1_I1_SB_LUT4_O_2_I2[1] (3,27) -> (4,28)
Info:                Sink $nextpnr_ICESTORM_LC_3.I1
Info:                Defined in:
Info:                  uart.v:79.12-79.21
Info:  0.3  1.4  Source $nextpnr_ICESTORM_LC_3.COUT
Info:  0.0  1.4    Net $nextpnr_ICESTORM_LC_3$O (4,28) -> (4,28)
Info:                Sink txCounter_SB_CARRY_CI$CARRY.CIN
Info:  0.1  1.5  Source txCounter_SB_CARRY_CI$CARRY.COUT
Info:  0.0  1.5    Net btn1_SB_LUT4_I3_O_SB_LUT4_I3_I1_SB_LUT4_O_I2_SB_LUT4_O_1_I1_SB_LUT4_O_2_I2[2] (4,28) -> (4,28)
Info:                Sink txCounter_SB_LUT4_I2_13_LC.CIN
Info:                Defined in:
Info:                  uart.v:125.18-125.31
Info:                  /usr/local/bin/../share/yosys/ice40/arith_map.v:51.21-51.22
Info:  0.1  1.6  Source txCounter_SB_LUT4_I2_13_LC.COUT
Info:  0.0  1.6    Net btn1_SB_LUT4_I3_O_SB_LUT4_I3_I1_SB_LUT4_O_I2_SB_LUT4_O_1_I1_SB_LUT4_O_2_I2[3] (4,28) -> (4,28)
Info:                Sink txCounter_SB_LUT4_I2_12_LC.CIN
Info:                Defined in:
Info:                  uart.v:125.18-125.31
Info:                  /usr/local/bin/../share/yosys/ice40/arith_map.v:51.21-51.22
Info:  0.1  1.8  Source txCounter_SB_LUT4_I2_12_LC.COUT
Info:  0.0  1.8    Net btn1_SB_LUT4_I3_O_SB_LUT4_I3_I1_SB_LUT4_O_I2_SB_LUT4_O_1_I1_SB_LUT4_O_2_I2[4] (4,28) -> (4,28)
Info:                Sink txCounter_SB_LUT4_I2_11_LC.CIN
Info:                Defined in:
Info:                  uart.v:125.18-125.31
Info:                  /usr/local/bin/../share/yosys/ice40/arith_map.v:51.21-51.22
Info:  0.1  1.9  Source txCounter_SB_LUT4_I2_11_LC.COUT
Info:  0.0  1.9    Net btn1_SB_LUT4_I3_O_SB_LUT4_I3_I1_SB_LUT4_O_I2_SB_LUT4_O_1_I1_SB_LUT4_O_2_I2[5] (4,28) -> (4,28)
Info:                Sink txCounter_SB_LUT4_I2_10_LC.CIN
Info:                Defined in:
Info:                  uart.v:125.18-125.31
Info:                  /usr/local/bin/../share/yosys/ice40/arith_map.v:51.21-51.22
Info:  0.1  2.0  Source txCounter_SB_LUT4_I2_10_LC.COUT
Info:  0.0  2.0    Net btn1_SB_LUT4_I3_O_SB_LUT4_I3_I1_SB_LUT4_O_I2_SB_LUT4_O_1_I1_SB_LUT4_O_2_I2[6] (4,28) -> (4,28)
Info:                Sink txCounter_SB_LUT4_I2_9_LC.CIN
Info:                Defined in:
Info:                  uart.v:125.18-125.31
Info:                  /usr/local/bin/../share/yosys/ice40/arith_map.v:51.21-51.22
Info:  0.1  2.1  Source txCounter_SB_LUT4_I2_9_LC.COUT
Info:  0.0  2.1    Net btn1_SB_LUT4_I3_O_SB_LUT4_I3_I1_SB_LUT4_O_I2_SB_LUT4_O_1_I1_SB_LUT4_O_2_I2[7] (4,28) -> (4,28)
Info:                Sink txCounter_SB_LUT4_I2_8_LC.CIN
Info:                Defined in:
Info:                  uart.v:125.18-125.31
Info:                  /usr/local/bin/../share/yosys/ice40/arith_map.v:51.21-51.22
Info:  0.1  2.3  Source txCounter_SB_LUT4_I2_8_LC.COUT
Info:  0.2  2.5    Net btn1_SB_LUT4_I3_O_SB_LUT4_I3_I1_SB_LUT4_O_I2_SB_LUT4_O_1_I1_SB_LUT4_O_2_I2[8] (4,28) -> (4,29)
Info:                Sink txCounter_SB_LUT4_I2_7_LC.CIN
Info:                Defined in:
Info:                  uart.v:125.18-125.31
Info:                  /usr/local/bin/../share/yosys/ice40/arith_map.v:51.21-51.22
Info:  0.1  2.6  Source txCounter_SB_LUT4_I2_7_LC.COUT
Info:  0.0  2.6    Net btn1_SB_LUT4_I3_O_SB_LUT4_I3_I1_SB_LUT4_O_I2_SB_LUT4_O_1_I1_SB_LUT4_O_2_I2[9] (4,29) -> (4,29)
Info:                Sink txCounter_SB_LUT4_I2_6_LC.CIN
Info:                Defined in:
Info:                  uart.v:125.18-125.31
Info:                  /usr/local/bin/../share/yosys/ice40/arith_map.v:51.21-51.22
Info:  0.1  2.7  Source txCounter_SB_LUT4_I2_6_LC.COUT
Info:  0.0  2.7    Net btn1_SB_LUT4_I3_O_SB_LUT4_I3_I1_SB_LUT4_O_I2_SB_LUT4_O_1_I1_SB_LUT4_O_2_I2[10] (4,29) -> (4,29)
Info:                Sink txCounter_SB_LUT4_I2_5_LC.CIN
Info:                Defined in:
Info:                  uart.v:125.18-125.31
Info:                  /usr/local/bin/../share/yosys/ice40/arith_map.v:51.21-51.22
Info:  0.1  2.8  Source txCounter_SB_LUT4_I2_5_LC.COUT
Info:  0.0  2.8    Net btn1_SB_LUT4_I3_O_SB_LUT4_I3_I1_SB_LUT4_O_I2_SB_LUT4_O_1_I1_SB_LUT4_O_2_I2[11] (4,29) -> (4,29)
Info:                Sink txCounter_SB_LUT4_I2_4_LC.CIN
Info:                Defined in:
Info:                  uart.v:125.18-125.31
Info:                  /usr/local/bin/../share/yosys/ice40/arith_map.v:51.21-51.22
Info:  0.1  3.0  Source txCounter_SB_LUT4_I2_4_LC.COUT
Info:  0.0  3.0    Net btn1_SB_LUT4_I3_O_SB_LUT4_I3_I1_SB_LUT4_O_I2_SB_LUT4_O_1_I1_SB_LUT4_O_2_I2[12] (4,29) -> (4,29)
Info:                Sink txCounter_SB_LUT4_I2_3_LC.CIN
Info:                Defined in:
Info:                  uart.v:125.18-125.31
Info:                  /usr/local/bin/../share/yosys/ice40/arith_map.v:51.21-51.22
Info:  0.1  3.1  Source txCounter_SB_LUT4_I2_3_LC.COUT
Info:  0.0  3.1    Net btn1_SB_LUT4_I3_O_SB_LUT4_I3_I1_SB_LUT4_O_I2_SB_LUT4_O_1_I1_SB_LUT4_O_2_I2[13] (4,29) -> (4,29)
Info:                Sink txCounter_SB_LUT4_I2_2_LC.CIN
Info:                Defined in:
Info:                  uart.v:125.18-125.31
Info:                  /usr/local/bin/../share/yosys/ice40/arith_map.v:51.21-51.22
Info:  0.1  3.2  Source txCounter_SB_LUT4_I2_2_LC.COUT
Info:  0.0  3.2    Net btn1_SB_LUT4_I3_O_SB_LUT4_I3_I1_SB_LUT4_O_I2_SB_LUT4_O_1_I1_SB_LUT4_O_2_I2[14] (4,29) -> (4,29)
Info:                Sink txCounter_SB_LUT4_I2_1_LC.CIN
Info:                Defined in:
Info:                  uart.v:125.18-125.31
Info:                  /usr/local/bin/../share/yosys/ice40/arith_map.v:51.21-51.22
Info:  0.1  3.3  Source txCounter_SB_LUT4_I2_1_LC.COUT
Info:  0.0  3.3    Net btn1_SB_LUT4_I3_O_SB_LUT4_I3_I1_SB_LUT4_O_I2_SB_LUT4_O_1_I1_SB_LUT4_O_2_I2[15] (4,29) -> (4,29)
Info:                Sink txCounter_SB_LUT4_I2_LC.CIN
Info:                Defined in:
Info:                  uart.v:125.18-125.31
Info:                  /usr/local/bin/../share/yosys/ice40/arith_map.v:51.21-51.22
Info:  0.1  3.5  Source txCounter_SB_LUT4_I2_LC.COUT
Info:  0.2  3.7    Net btn1_SB_LUT4_I3_O_SB_LUT4_I3_I1_SB_LUT4_O_I2_SB_LUT4_O_1_I1_SB_LUT4_O_2_I2[16] (4,29) -> (4,30)
Info:                Sink txCounter_SB_LUT4_I2_23_LC.CIN
Info:                Defined in:
Info:                  uart.v:125.18-125.31
Info:                  /usr/local/bin/../share/yosys/ice40/arith_map.v:51.21-51.22
Info:  0.1  3.8  Source txCounter_SB_LUT4_I2_23_LC.COUT
Info:  0.0  3.8    Net btn1_SB_LUT4_I3_O_SB_LUT4_I3_I1_SB_LUT4_O_I2_SB_LUT4_O_1_I1_SB_LUT4_O_2_I2[17] (4,30) -> (4,30)
Info:                Sink txCounter_SB_LUT4_I2_22_LC.CIN
Info:                Defined in:
Info:                  uart.v:125.18-125.31
Info:                  /usr/local/bin/../share/yosys/ice40/arith_map.v:51.21-51.22
Info:  0.1  3.9  Source txCounter_SB_LUT4_I2_22_LC.COUT
Info:  0.0  3.9    Net btn1_SB_LUT4_I3_O_SB_LUT4_I3_I1_SB_LUT4_O_I2_SB_LUT4_O_1_I1_SB_LUT4_O_2_I2[18] (4,30) -> (4,30)
Info:                Sink txCounter_SB_LUT4_I2_21_LC.CIN
Info:                Defined in:
Info:                  uart.v:125.18-125.31
Info:                  /usr/local/bin/../share/yosys/ice40/arith_map.v:51.21-51.22
Info:  0.1  4.0  Source txCounter_SB_LUT4_I2_21_LC.COUT
Info:  0.0  4.0    Net btn1_SB_LUT4_I3_O_SB_LUT4_I3_I1_SB_LUT4_O_I2_SB_LUT4_O_1_I1_SB_LUT4_O_2_I2[19] (4,30) -> (4,30)
Info:                Sink txCounter_SB_LUT4_I2_20_LC.CIN
Info:                Defined in:
Info:                  uart.v:125.18-125.31
Info:                  /usr/local/bin/../share/yosys/ice40/arith_map.v:51.21-51.22
Info:  0.1  4.2  Source txCounter_SB_LUT4_I2_20_LC.COUT
Info:  0.0  4.2    Net btn1_SB_LUT4_I3_O_SB_LUT4_I3_I1_SB_LUT4_O_I2_SB_LUT4_O_1_I1_SB_LUT4_O_2_I2[20] (4,30) -> (4,30)
Info:                Sink txCounter_SB_LUT4_I2_18_LC.CIN
Info:                Defined in:
Info:                  uart.v:125.18-125.31
Info:                  /usr/local/bin/../share/yosys/ice40/arith_map.v:51.21-51.22
Info:  0.1  4.3  Source txCounter_SB_LUT4_I2_18_LC.COUT
Info:  0.0  4.3    Net btn1_SB_LUT4_I3_O_SB_LUT4_I3_I1_SB_LUT4_O_I2_SB_LUT4_O_1_I1_SB_LUT4_O_2_I2[21] (4,30) -> (4,30)
Info:                Sink txCounter_SB_LUT4_I2_17_LC.CIN
Info:                Defined in:
Info:                  uart.v:125.18-125.31
Info:                  /usr/local/bin/../share/yosys/ice40/arith_map.v:51.21-51.22
Info:  0.1  4.4  Source txCounter_SB_LUT4_I2_17_LC.COUT
Info:  0.0  4.4    Net btn1_SB_LUT4_I3_O_SB_LUT4_I3_I1_SB_LUT4_O_I2_SB_LUT4_O_1_I1_SB_LUT4_O_2_I2[22] (4,30) -> (4,30)
Info:                Sink txCounter_SB_LUT4_I2_16_LC.CIN
Info:                Defined in:
Info:                  uart.v:125.18-125.31
Info:                  /usr/local/bin/../share/yosys/ice40/arith_map.v:51.21-51.22
Info:  0.1  4.6  Source txCounter_SB_LUT4_I2_16_LC.COUT
Info:  0.0  4.6    Net btn1_SB_LUT4_I3_O_SB_LUT4_I3_I1_SB_LUT4_O_I2_SB_LUT4_O_1_I1_SB_LUT4_O_2_I2[23] (4,30) -> (4,30)
Info:                Sink txCounter_SB_LUT4_I2_15_LC.CIN
Info:                Defined in:
Info:                  uart.v:125.18-125.31
Info:                  /usr/local/bin/../share/yosys/ice40/arith_map.v:51.21-51.22
Info:  0.1  4.7  Source txCounter_SB_LUT4_I2_15_LC.COUT
Info:  0.2  4.9    Net btn1_SB_LUT4_I3_O_SB_LUT4_I3_I1_SB_LUT4_O_I2_SB_LUT4_O_1_I1_SB_LUT4_O_2_I2[24] (4,30) -> (4,31)
Info:                Sink txCounter_SB_LUT4_I2_14_LC.CIN
Info:                Defined in:
Info:                  uart.v:125.18-125.31
Info:                  /usr/local/bin/../share/yosys/ice40/arith_map.v:51.21-51.22
Info:  0.1  5.0  Source txCounter_SB_LUT4_I2_14_LC.COUT
Info:  0.3  5.3    Net $nextpnr_ICESTORM_LC_4$I3 (4,31) -> (4,31)
Info:                Sink $nextpnr_ICESTORM_LC_4.I3
Info:  0.3  5.6  Source $nextpnr_ICESTORM_LC_4.O
Info:  0.6  6.2    Net btn1_SB_LUT4_I3_O_SB_LUT4_I3_I1_SB_LUT4_O_I2_SB_LUT4_O_1_I1_SB_LUT4_O_2_I2[25] (4,31) -> (3,31)
Info:                Sink btn1_SB_LUT4_I3_O_SB_LUT4_I3_I1_SB_LUT4_O_I2_SB_LUT4_O_1_I1_SB_LUT4_O_2_LC.I2
Info:                Defined in:
Info:                  uart.v:125.18-125.31
Info:                  /usr/local/bin/../share/yosys/ice40/arith_map.v:33.26-33.27
Info:  0.4  6.5  Source btn1_SB_LUT4_I3_O_SB_LUT4_I3_I1_SB_LUT4_O_I2_SB_LUT4_O_1_I1_SB_LUT4_O_2_LC.O
Info:  0.6  7.1    Net btn1_SB_LUT4_I3_O_SB_LUT4_I3_I1_SB_LUT4_O_I2_SB_LUT4_O_1_I1[0] (3,31) -> (2,30)
Info:                Sink btn1_SB_LUT4_I3_O_SB_LUT4_I3_I1_SB_LUT4_O_I2_SB_LUT4_O_1_LC.I1
Info:                Defined in:
Info:                  /usr/local/bin/../share/yosys/ice40/cells_map.v:6.21-6.22
Info:  0.4  7.5  Source btn1_SB_LUT4_I3_O_SB_LUT4_I3_I1_SB_LUT4_O_I2_SB_LUT4_O_1_LC.O
Info:  0.6  8.1    Net btn1_SB_LUT4_I3_O_SB_LUT4_I3_I1_SB_LUT4_O_I2[1] (2,30) -> (2,29)
Info:                Sink btn1_SB_LUT4_I3_O_SB_LUT4_I3_I1_SB_LUT4_O_LC.I2
Info:                Defined in:
Info:                  /usr/local/bin/../share/yosys/ice40/cells_map.v:6.21-6.22
Info:  0.4  8.5  Source btn1_SB_LUT4_I3_O_SB_LUT4_I3_I1_SB_LUT4_O_LC.O
Info:  0.6  9.1    Net btn1_SB_LUT4_I0_O[1] (2,29) -> (2,30)
Info:                Sink dataOut_SB_DFFE_Q_E_SB_LUT4_O_LC.I2
Info:                Defined in:
Info:                  /usr/local/bin/../share/yosys/ice40/cells_map.v:6.21-6.22
Info:  0.4  9.5  Source dataOut_SB_DFFE_Q_E_SB_LUT4_O_LC.O
Info:  1.6 11.1    Net dataOut_SB_DFFE_Q_E (2,30) -> (2,30)
Info:                Sink dataOut_SB_DFFE_Q_D_SB_LUT4_O_2_LC.CEN
Info:  0.1 11.2  Setup dataOut_SB_DFFE_Q_D_SB_LUT4_O_2_LC.CEN
Info: 5.8 ns logic, 5.4 ns routing

Info: Critical path report for cross-domain path '<async>' -> 'posedge clk$SB_IO_IN_$glb_clk':
Info: curr total
Info:  0.0  0.0  Source btn1$sb_io.D_IN_0
Info:  3.2  3.2    Net btn1$SB_IO_IN (27,33) -> (2,29)
Info:                Sink btn1_SB_LUT4_I1_LC.I1
Info:                Defined in:
Info:                  /usr/local/bin/../share/yosys/ice40/cells_map.v:6.21-6.22
Info:  0.4  3.6  Source btn1_SB_LUT4_I1_LC.O
Info:  0.6  4.2    Net btn1_SB_LUT4_I0_O[3] (2,29) -> (2,29)
Info:                Sink btn1_SB_LUT4_I1_O_SB_LUT4_I1_LC.I3
Info:                Defined in:
Info:                  /usr/local/bin/../share/yosys/ice40/cells_map.v:6.21-6.22
Info:  0.3  4.5  Source btn1_SB_LUT4_I1_O_SB_LUT4_I1_LC.O
Info:  1.8  6.3    Net btn1_SB_LUT4_I1_O_SB_LUT4_I1_O (2,29) -> (0,17)
Info:                Sink $gbuf_btn1_SB_LUT4_I1_O_SB_LUT4_I1_O_$glb_ce.USER_SIGNAL_TO_GLOBAL_BUFFER
Info:  0.6  6.9  Source $gbuf_btn1_SB_LUT4_I1_O_SB_LUT4_I1_O_$glb_ce.GLOBAL_BUFFER_OUTPUT
Info:  0.6  7.5    Net btn1_SB_LUT4_I1_O_SB_LUT4_I1_O_$glb_ce (0,17) -> (3,27)
Info:                Sink btn1_SB_LUT4_I3_O_SB_LUT4_I3_I1_SB_LUT4_O_I2_SB_LUT4_I0_O_SB_LUT4_I2_LC.CEN
Info:  0.1  7.6  Setup btn1_SB_LUT4_I3_O_SB_LUT4_I3_I1_SB_LUT4_O_I2_SB_LUT4_I0_O_SB_LUT4_I2_LC.CEN
Info: 1.4 ns logic, 6.2 ns routing

Info: Critical path report for cross-domain path 'posedge clk$SB_IO_IN_$glb_clk' -> '<async>':
Info: curr total
Info:  0.5  0.5  Source uart_tx_SB_LUT4_O_I3_SB_DFFESR_Q_D_SB_LUT4_O_LC.O
Info:  0.6  1.1    Net uart_tx_SB_LUT4_O_I3 (1,32) -> (1,32)
Info:                Sink uart_tx_SB_LUT4_O_LC.I3
Info:                Defined in:
Info:                  /usr/local/bin/../share/yosys/ice40/cells_map.v:6.21-6.22
Info:  0.3  1.4  Source uart_tx_SB_LUT4_O_LC.O
Info:  1.3  2.7    Net uart_tx$SB_IO_OUT (1,32) -> (3,33)
Info:                Sink uart_tx$sb_io.D_OUT_0
Info:                Defined in:
Info:                  uart.v:10.12-10.19
Info: 0.9 ns logic, 1.9 ns routing

Info: Max frequency for clock 'clk$SB_IO_IN_$glb_clk': 89.42 MHz (PASS at 27.00 MHz)

Info: Max delay <async>                       -> posedge clk$SB_IO_IN_$glb_clk: 7.63 ns
Info: Max delay posedge clk$SB_IO_IN_$glb_clk -> <async>                      : 2.72 ns

Info: Slack histogram:
Info:  legend: * represents 1 endpoint(s)
Info:          + represents [1,1) endpoint(s)
Info: [ 25854,  26341) |*********** 
Info: [ 26341,  26828) |****** 
Info: [ 26828,  27315) |***** 
Info: [ 27315,  27802) |**** 
Info: [ 27802,  28289) | 
Info: [ 28289,  28776) | 
Info: [ 28776,  29263) | 
Info: [ 29263,  29750) |****************************** 
Info: [ 29750,  30237) | 
Info: [ 30237,  30724) |* 
Info: [ 30724,  31211) |** 
Info: [ 31211,  31698) |************************************* 
Info: [ 31698,  32185) |********** 
Info: [ 32185,  32672) |******* 
Info: [ 32672,  33159) |************ 
Info: [ 33159,  33646) |************************************** 
Info: [ 33646,  34133) |*************************** 
Info: [ 34133,  34620) |******************************** 
Info: [ 34620,  35107) |******************************* 
Info: [ 35107,  35594) |*************************************** 

2 warnings, 0 errors

Info: Program finished normally.
